Spark Command: /Library/Java/JavaVirtualMachines/jdk-15.0.1.jdk/Contents/Home/bin/java -cp /Users/noahchristian/Downloads/spark-3.0.1-bin-hadoop3.2/conf/:/Users/noahchristian/Downloads/spark-3.0.1-bin-hadoop3.2/jars/* -Xmx1g org.apache.spark.deploy.master.Master --host Noahs-MacBook-Pro.local --port 7077 --webui-port 8080
========================================
Using Spark's default log4j profile: org/apache/spark/log4j-defaults.properties
20/11/27 18:23:26 INFO Master: Started daemon with process name: 1593@Noahs-MacBook-Pro.local
20/11/27 18:23:26 INFO SignalUtils: Registered signal handler for TERM
20/11/27 18:23:26 INFO SignalUtils: Registered signal handler for HUP
20/11/27 18:23:26 INFO SignalUtils: Registered signal handler for INT
20/11/27 18:23:26 WARN Utils: Your hostname, Noahs-MacBook-Pro.local resolves to a loopback address: 127.0.0.1; using 192.168.1.128 instead (on interface en0)
20/11/27 18:23:26 WARN Utils: Set SPARK_LOCAL_IP if you need to bind to another address
WARNING: An illegal reflective access operation has occurred
WARNING: Illegal reflective access by org.apache.spark.unsafe.Platform (file:/Users/noahchristian/Downloads/spark-3.0.1-bin-hadoop3.2/jars/spark-unsafe_2.12-3.0.1.jar) to constructor java.nio.DirectByteBuffer(long,int)
WARNING: Please consider reporting this to the maintainers of org.apache.spark.unsafe.Platform
WARNING: Use --illegal-access=warn to enable warnings of further illegal reflective access operations
WARNING: All illegal access operations will be denied in a future release
20/11/27 18:23:26 WARN NativeCodeLoader: Unable to load native-hadoop library for your platform... using builtin-java classes where applicable
20/11/27 18:23:26 INFO SecurityManager: Changing view acls to: noahchristian
20/11/27 18:23:26 INFO SecurityManager: Changing modify acls to: noahchristian
20/11/27 18:23:26 INFO SecurityManager: Changing view acls groups to: 
20/11/27 18:23:26 INFO SecurityManager: Changing modify acls groups to: 
20/11/27 18:23:26 INFO SecurityManager: SecurityManager: authentication disabled; ui acls disabled; users  with view permissions: Set(noahchristian); groups with view permissions: Set(); users  with modify permissions: Set(noahchristian); groups with modify permissions: Set()
20/11/27 18:23:27 INFO Utils: Successfully started service 'sparkMaster' on port 7077.
20/11/27 18:23:27 INFO Master: Starting Spark master at spark://Noahs-MacBook-Pro.local:7077
20/11/27 18:23:27 INFO Master: Running Spark version 3.0.1
20/11/27 18:23:27 INFO Utils: Successfully started service 'MasterUI' on port 8080.
20/11/27 18:23:27 INFO MasterWebUI: Bound MasterWebUI to 0.0.0.0, and started at http://192.168.1.128:8080
20/11/27 18:23:27 INFO Master: I have been elected leader! New state: ALIVE
20/11/27 18:49:35 ERROR Master: RECEIVED SIGNAL TERM
